----------------------------------------------------------------
Thu May 13 16:36:30 IST 2021:
Booting Derby version The Apache Software Foundation - Apache Derby - 10.14.2.0 - (1828579): instance a816c00e-0179-6568-14fd-0000017f6e28 
on database directory memory:C:\Users\shrpatil\Documents\workspace-spring-tool-suite-4-4.10.0.RELEASE\EMS-ES2\a4b59b41-6f2b-419f-8896-f46f249c8072 with class loader jdk.internal.loader.ClassLoaders$AppClassLoader@4b85612c 
Loaded from file:/C:/Users/shrpatil/.m2/repository/org/apache/derby/derby/10.14.2.0/derby-10.14.2.0.jar
java.vendor=Oracle Corporation
java.runtime.version=15.0.2+7-27
user.dir=C:\Users\shrpatil\Documents\workspace-spring-tool-suite-4-4.10.0.RELEASE\EMS-ES2
os.name=Windows 10
os.arch=amd64
os.version=10.0
derby.system.home=null
Database Class Loader started - derby.database.classpath=''
----------------------------------------------------------------
Thu May 13 16:37:16 IST 2021:
Shutting down instance a816c00e-0179-6568-14fd-0000017f6e28 on database directory memory:C:\Users\shrpatil\Documents\workspace-spring-tool-suite-4-4.10.0.RELEASE\EMS-ES2\a4b59b41-6f2b-419f-8896-f46f249c8072 with class loader jdk.internal.loader.ClassLoaders$AppClassLoader@4b85612c 
----------------------------------------------------------------
Thu May 13 16:37:19 IST 2021:
Booting Derby version The Apache Software Foundation - Apache Derby - 10.14.2.0 - (1828579): instance 176240b2-0179-6568-14fd-0000017f6e28 
on database directory memory:C:\Users\shrpatil\Documents\workspace-spring-tool-suite-4-4.10.0.RELEASE\EMS-ES2\2440cc4f-4361-4315-98d8-3feeafb1b7a9 with class loader jdk.internal.loader.ClassLoaders$AppClassLoader@4b85612c 
Loaded from file:/C:/Users/shrpatil/.m2/repository/org/apache/derby/derby/10.14.2.0/derby-10.14.2.0.jar
java.vendor=Oracle Corporation
java.runtime.version=15.0.2+7-27
user.dir=C:\Users\shrpatil\Documents\workspace-spring-tool-suite-4-4.10.0.RELEASE\EMS-ES2
os.name=Windows 10
os.arch=amd64
os.version=10.0
derby.system.home=null
Database Class Loader started - derby.database.classpath=''
----------------------------------------------------------------
Thu May 13 16:37:21 IST 2021:
Shutting down instance 176240b2-0179-6568-14fd-0000017f6e28 on database directory memory:C:\Users\shrpatil\Documents\workspace-spring-tool-suite-4-4.10.0.RELEASE\EMS-ES2\2440cc4f-4361-4315-98d8-3feeafb1b7a9 with class loader jdk.internal.loader.ClassLoaders$AppClassLoader@4b85612c 
----------------------------------------------------------------
Thu May 13 16:37:24 IST 2021:
Booting Derby version The Apache Software Foundation - Apache Derby - 10.14.2.0 - (1828579): instance a0f1c156-0179-6568-14fd-0000017f6e28 
on database directory memory:C:\Users\shrpatil\Documents\workspace-spring-tool-suite-4-4.10.0.RELEASE\EMS-ES2\bedf1130-8fa1-407c-9dfe-f6402bf62e25 with class loader jdk.internal.loader.ClassLoaders$AppClassLoader@4b85612c 
Loaded from file:/C:/Users/shrpatil/.m2/repository/org/apache/derby/derby/10.14.2.0/derby-10.14.2.0.jar
java.vendor=Oracle Corporation
java.runtime.version=15.0.2+7-27
user.dir=C:\Users\shrpatil\Documents\workspace-spring-tool-suite-4-4.10.0.RELEASE\EMS-ES2
os.name=Windows 10
os.arch=amd64
os.version=10.0
derby.system.home=null
Database Class Loader started - derby.database.classpath=''
----------------------------------------------------------------
Thu May 13 16:37:26 IST 2021:
Shutting down instance a0f1c156-0179-6568-14fd-0000017f6e28 on database directory memory:C:\Users\shrpatil\Documents\workspace-spring-tool-suite-4-4.10.0.RELEASE\EMS-ES2\bedf1130-8fa1-407c-9dfe-f6402bf62e25 with class loader jdk.internal.loader.ClassLoaders$AppClassLoader@4b85612c 
----------------------------------------------------------------
Thu May 13 16:37:28 IST 2021:
Booting Derby version The Apache Software Foundation - Apache Derby - 10.14.2.0 - (1828579): instance 44c541fa-0179-6568-14fd-0000017f6e28 
on database directory memory:C:\Users\shrpatil\Documents\workspace-spring-tool-suite-4-4.10.0.RELEASE\EMS-ES2\42ea29dd-a76e-4d6d-9095-01fa5d629808 with class loader jdk.internal.loader.ClassLoaders$AppClassLoader@4b85612c 
Loaded from file:/C:/Users/shrpatil/.m2/repository/org/apache/derby/derby/10.14.2.0/derby-10.14.2.0.jar
java.vendor=Oracle Corporation
java.runtime.version=15.0.2+7-27
user.dir=C:\Users\shrpatil\Documents\workspace-spring-tool-suite-4-4.10.0.RELEASE\EMS-ES2
os.name=Windows 10
os.arch=amd64
os.version=10.0
derby.system.home=null
Database Class Loader started - derby.database.classpath=''
